
*** Running vivado
    with args -log xbip_multadd_0.vds -m64 -product Vivado -mode batch -messageDb vivado.pb -notrace -source xbip_multadd_0.tcl


****** Vivado v2019.1 (64-bit)
  **** SW Build 2552052 on Fri May 24 14:49:42 MDT 2019
  **** IP Build 2548770 on Fri May 24 18:01:18 MDT 2019
    ** Copyright 1986-2019 Xilinx, Inc. All Rights Reserved.

source xbip_multadd_0.tcl -notrace
Command: synth_design -top xbip_multadd_0 -part xc7z020clg400-1 -mode out_of_context
Starting synth_design
Attempting to get a license for feature 'Synthesis' and/or device 'xc7z020'
INFO: [Common 17-349] Got license for feature 'Synthesis' and/or device 'xc7z020'
INFO: [Device 21-403] Loading part xc7z020clg400-1
INFO: Launching helper process for spawning children vivado processes
INFO: Helper process launched with PID 11740 
---------------------------------------------------------------------------------
Starting RTL Elaboration : Time (s): cpu = 00:00:06 ; elapsed = 00:00:08 . Memory (MB): peak = 831.949 ; gain = 177.949
---------------------------------------------------------------------------------
INFO: [Synth 8-638] synthesizing module 'xbip_multadd_0' [d:/Projects/Vivado/Assignment_2/Assignment_2.srcs/sources_1/ip/xbip_multadd_0/synth/xbip_multadd_0.vhd:73]
	Parameter C_VERBOSITY bound to: 0 - type: integer 
	Parameter C_XDEVICEFAMILY bound to: zynq - type: string 
	Parameter C_A_WIDTH bound to: 32 - type: integer 
	Parameter C_B_WIDTH bound to: 32 - type: integer 
	Parameter C_C_WIDTH bound to: 32 - type: integer 
	Parameter C_A_TYPE bound to: 0 - type: integer 
	Parameter C_B_TYPE bound to: 0 - type: integer 
	Parameter C_C_TYPE bound to: 0 - type: integer 
	Parameter C_CE_OVERRIDES_SCLR bound to: 0 - type: integer 
	Parameter C_AB_LATENCY bound to: -1 - type: integer 
	Parameter C_C_LATENCY bound to: -1 - type: integer 
	Parameter C_OUT_HIGH bound to: 32 - type: integer 
	Parameter C_OUT_LOW bound to: 0 - type: integer 
	Parameter C_USE_PCIN bound to: 0 - type: integer 
	Parameter C_TEST_CORE bound to: 0 - type: integer 
INFO: [Synth 8-3491] module 'xbip_multadd_v3_0_14' declared at 'd:/Projects/Vivado/Assignment_2/Assignment_2.srcs/sources_1/ip/xbip_multadd_0/hdl/xbip_multadd_v3_0_vh_rfs.vhd:2172' bound to instance 'U0' of component 'xbip_multadd_v3_0_14' [d:/Projects/Vivado/Assignment_2/Assignment_2.srcs/sources_1/ip/xbip_multadd_0/synth/xbip_multadd_0.vhd:134]
INFO: [Synth 8-256] done synthesizing module 'xbip_multadd_0' (7#1) [d:/Projects/Vivado/Assignment_2/Assignment_2.srcs/sources_1/ip/xbip_multadd_0/synth/xbip_multadd_0.vhd:73]
WARNING: [Synth 8-3331] design delay_line__parameterized6 has unconnected port CLK
WARNING: [Synth 8-3331] design delay_line__parameterized6 has unconnected port CE
WARNING: [Synth 8-3331] design delay_line__parameterized6 has unconnected port SCLR
WARNING: [Synth 8-3331] design delay_line has unconnected port CLK
WARNING: [Synth 8-3331] design delay_line has unconnected port CE
WARNING: [Synth 8-3331] design delay_line has unconnected port SCLR
WARNING: [Synth 8-3331] design delay_line__parameterized0 has unconnected port CLK
WARNING: [Synth 8-3331] design delay_line__parameterized0 has unconnected port CE
WARNING: [Synth 8-3331] design delay_line__parameterized0 has unconnected port SCLR
WARNING: [Synth 8-3331] design dsp has unconnected port D_PORT[24]
WARNING: [Synth 8-3331] design dsp has unconnected port D_PORT[23]
WARNING: [Synth 8-3331] design dsp has unconnected port D_PORT[22]
WARNING: [Synth 8-3331] design dsp has unconnected port D_PORT[21]
WARNING: [Synth 8-3331] design dsp has unconnected port D_PORT[20]
WARNING: [Synth 8-3331] design dsp has unconnected port D_PORT[19]
WARNING: [Synth 8-3331] design dsp has unconnected port D_PORT[18]
WARNING: [Synth 8-3331] design dsp has unconnected port D_PORT[17]
WARNING: [Synth 8-3331] design dsp has unconnected port D_PORT[16]
WARNING: [Synth 8-3331] design dsp has unconnected port D_PORT[15]
WARNING: [Synth 8-3331] design dsp has unconnected port D_PORT[14]
WARNING: [Synth 8-3331] design dsp has unconnected port D_PORT[13]
WARNING: [Synth 8-3331] design dsp has unconnected port D_PORT[12]
WARNING: [Synth 8-3331] design dsp has unconnected port D_PORT[11]
WARNING: [Synth 8-3331] design dsp has unconnected port D_PORT[10]
WARNING: [Synth 8-3331] design dsp has unconnected port D_PORT[9]
WARNING: [Synth 8-3331] design dsp has unconnected port D_PORT[8]
WARNING: [Synth 8-3331] design dsp has unconnected port D_PORT[7]
WARNING: [Synth 8-3331] design dsp has unconnected port D_PORT[6]
WARNING: [Synth 8-3331] design dsp has unconnected port D_PORT[5]
WARNING: [Synth 8-3331] design dsp has unconnected port D_PORT[4]
WARNING: [Synth 8-3331] design dsp has unconnected port D_PORT[3]
WARNING: [Synth 8-3331] design dsp has unconnected port D_PORT[2]
WARNING: [Synth 8-3331] design dsp has unconnected port D_PORT[1]
WARNING: [Synth 8-3331] design dsp has unconnected port D_PORT[0]
WARNING: [Synth 8-3331] design dsp has unconnected port CARRY_IN
WARNING: [Synth 8-3331] design multadd_dsp has unconnected port PCIN[47]
WARNING: [Synth 8-3331] design multadd_dsp has unconnected port PCIN[46]
WARNING: [Synth 8-3331] design multadd_dsp has unconnected port PCIN[45]
WARNING: [Synth 8-3331] design multadd_dsp has unconnected port PCIN[44]
WARNING: [Synth 8-3331] design multadd_dsp has unconnected port PCIN[43]
WARNING: [Synth 8-3331] design multadd_dsp has unconnected port PCIN[42]
WARNING: [Synth 8-3331] design multadd_dsp has unconnected port PCIN[41]
WARNING: [Synth 8-3331] design multadd_dsp has unconnected port PCIN[40]
WARNING: [Synth 8-3331] design multadd_dsp has unconnected port PCIN[39]
WARNING: [Synth 8-3331] design multadd_dsp has unconnected port PCIN[38]
WARNING: [Synth 8-3331] design multadd_dsp has unconnected port PCIN[37]
WARNING: [Synth 8-3331] design multadd_dsp has unconnected port PCIN[36]
WARNING: [Synth 8-3331] design multadd_dsp has unconnected port PCIN[35]
WARNING: [Synth 8-3331] design multadd_dsp has unconnected port PCIN[34]
WARNING: [Synth 8-3331] design multadd_dsp has unconnected port PCIN[33]
WARNING: [Synth 8-3331] design multadd_dsp has unconnected port PCIN[32]
WARNING: [Synth 8-3331] design multadd_dsp has unconnected port PCIN[31]
WARNING: [Synth 8-3331] design multadd_dsp has unconnected port PCIN[30]
WARNING: [Synth 8-3331] design multadd_dsp has unconnected port PCIN[29]
WARNING: [Synth 8-3331] design multadd_dsp has unconnected port PCIN[28]
WARNING: [Synth 8-3331] design multadd_dsp has unconnected port PCIN[27]
WARNING: [Synth 8-3331] design multadd_dsp has unconnected port PCIN[26]
WARNING: [Synth 8-3331] design multadd_dsp has unconnected port PCIN[25]
WARNING: [Synth 8-3331] design multadd_dsp has unconnected port PCIN[24]
WARNING: [Synth 8-3331] design multadd_dsp has unconnected port PCIN[23]
WARNING: [Synth 8-3331] design multadd_dsp has unconnected port PCIN[22]
WARNING: [Synth 8-3331] design multadd_dsp has unconnected port PCIN[21]
WARNING: [Synth 8-3331] design multadd_dsp has unconnected port PCIN[20]
WARNING: [Synth 8-3331] design multadd_dsp has unconnected port PCIN[19]
WARNING: [Synth 8-3331] design multadd_dsp has unconnected port PCIN[18]
WARNING: [Synth 8-3331] design multadd_dsp has unconnected port PCIN[17]
WARNING: [Synth 8-3331] design multadd_dsp has unconnected port PCIN[16]
WARNING: [Synth 8-3331] design multadd_dsp has unconnected port PCIN[15]
WARNING: [Synth 8-3331] design multadd_dsp has unconnected port PCIN[14]
WARNING: [Synth 8-3331] design multadd_dsp has unconnected port PCIN[13]
WARNING: [Synth 8-3331] design multadd_dsp has unconnected port PCIN[12]
WARNING: [Synth 8-3331] design multadd_dsp has unconnected port PCIN[11]
WARNING: [Synth 8-3331] design multadd_dsp has unconnected port PCIN[10]
WARNING: [Synth 8-3331] design multadd_dsp has unconnected port PCIN[9]
WARNING: [Synth 8-3331] design multadd_dsp has unconnected port PCIN[8]
WARNING: [Synth 8-3331] design multadd_dsp has unconnected port PCIN[7]
WARNING: [Synth 8-3331] design multadd_dsp has unconnected port PCIN[6]
WARNING: [Synth 8-3331] design multadd_dsp has unconnected port PCIN[5]
WARNING: [Synth 8-3331] design multadd_dsp has unconnected port PCIN[4]
WARNING: [Synth 8-3331] design multadd_dsp has unconnected port PCIN[3]
WARNING: [Synth 8-3331] design multadd_dsp has unconnected port PCIN[2]
WARNING: [Synth 8-3331] design multadd_dsp has unconnected port PCIN[1]
WARNING: [Synth 8-3331] design multadd_dsp has unconnected port PCIN[0]
---------------------------------------------------------------------------------
Finished RTL Elaboration : Time (s): cpu = 00:00:11 ; elapsed = 00:00:14 . Memory (MB): peak = 964.547 ; gain = 310.547
---------------------------------------------------------------------------------

Report Check Netlist: 
+------+------------------+-------+---------+-------+------------------+
|      |Item              |Errors |Warnings |Status |Description       |
+------+------------------+-------+---------+-------+------------------+
|1     |multi_driven_nets |      0|        0|Passed |Multi driven nets |
+------+------------------+-------+---------+-------+------------------+
---------------------------------------------------------------------------------
Start Handling Custom Attributes
---------------------------------------------------------------------------------
---------------------------------------------------------------------------------
Finished Handling Custom Attributes : Time (s): cpu = 00:00:12 ; elapsed = 00:00:14 . Memory (MB): peak = 964.547 ; gain = 310.547
---------------------------------------------------------------------------------
---------------------------------------------------------------------------------
Finished RTL Optimization Phase 1 : Time (s): cpu = 00:00:12 ; elapsed = 00:00:14 . Memory (MB): peak = 964.547 ; gain = 310.547
---------------------------------------------------------------------------------
INFO: [Netlist 29-17] Analyzing 4 Unisim elements for replacement
INFO: [Netlist 29-28] Unisim Transformation completed in 0 CPU seconds
INFO: [Project 1-570] Preparing netlist for logic optimization

Processing XDC Constraints
Initializing timing engine
Parsing XDC File [d:/Projects/Vivado/Assignment_2/Assignment_2.srcs/sources_1/ip/xbip_multadd_0/xbip_multadd_0_ooc.xdc] for cell 'U0'
Finished Parsing XDC File [d:/Projects/Vivado/Assignment_2/Assignment_2.srcs/sources_1/ip/xbip_multadd_0/xbip_multadd_0_ooc.xdc] for cell 'U0'
Parsing XDC File [D:/Projects/Vivado/Assignment_2/Assignment_2.runs/xbip_multadd_0_synth_1/dont_touch.xdc]
Finished Parsing XDC File [D:/Projects/Vivado/Assignment_2/Assignment_2.runs/xbip_multadd_0_synth_1/dont_touch.xdc]
Completed Processing XDC Constraints

Netlist sorting complete. Time (s): cpu = 00:00:00 ; elapsed = 00:00:00 . Memory (MB): peak = 964.547 ; gain = 0.000
INFO: [Project 1-111] Unisim Transformation Summary:
No Unisim elements were transformed.

Constraint Validation Runtime : Time (s): cpu = 00:00:00 ; elapsed = 00:00:00.153 . Memory (MB): peak = 971.305 ; gain = 6.758
---------------------------------------------------------------------------------
Finished Constraint Validation : Time (s): cpu = 00:00:17 ; elapsed = 00:00:21 . Memory (MB): peak = 971.305 ; gain = 317.305
---------------------------------------------------------------------------------
---------------------------------------------------------------------------------
Start Loading Part and Timing Information
---------------------------------------------------------------------------------
Loading part: xc7z020clg400-1
---------------------------------------------------------------------------------
Finished Loading Part and Timing Information : Time (s): cpu = 00:00:17 ; elapsed = 00:00:21 . Memory (MB): peak = 971.305 ; gain = 317.305
---------------------------------------------------------------------------------
---------------------------------------------------------------------------------
Start Applying 'set_property' XDC Constraints
---------------------------------------------------------------------------------
Applied set_property DONT_TOUCH = true for U0. (constraint file  D:/Projects/Vivado/Assignment_2/Assignment_2.runs/xbip_multadd_0_synth_1/dont_touch.xdc, line 9).
---------------------------------------------------------------------------------
Finished applying 'set_property' XDC Constraints : Time (s): cpu = 00:00:17 ; elapsed = 00:00:21 . Memory (MB): peak = 971.305 ; gain = 317.305
---------------------------------------------------------------------------------
---------------------------------------------------------------------------------
Finished RTL Optimization Phase 2 : Time (s): cpu = 00:00:17 ; elapsed = 00:00:21 . Memory (MB): peak = 971.305 ; gain = 317.305
---------------------------------------------------------------------------------

Report RTL Partitions: 
+-+--------------+------------+----------+
| |RTL Partition |Replication |Instances |
+-+--------------+------------+----------+
+-+--------------+------------+----------+
---------------------------------------------------------------------------------
Start RTL Component Statistics 
---------------------------------------------------------------------------------
---------------------------------------------------------------------------------
Finished RTL Component Statistics 
---------------------------------------------------------------------------------
---------------------------------------------------------------------------------
Start RTL Hierarchical Component Statistics 
---------------------------------------------------------------------------------
---------------------------------------------------------------------------------
Finished RTL Hierarchical Component Statistics
---------------------------------------------------------------------------------
---------------------------------------------------------------------------------
Start Part Resource Summary
---------------------------------------------------------------------------------
Part Resources:
DSPs: 220 (col length:60)
BRAMs: 280 (col length: RAMB18 60 RAMB36 30)
---------------------------------------------------------------------------------
Finished Part Resource Summary
---------------------------------------------------------------------------------
---------------------------------------------------------------------------------
Start Cross Boundary and Area Optimization
---------------------------------------------------------------------------------
Warning: Parallel synthesis criteria is not met 
WARNING: [Synth 8-3331] design xbip_multadd_v3_0_14_viv has unconnected port PCIN[47]
WARNING: [Synth 8-3331] design xbip_multadd_v3_0_14_viv has unconnected port PCIN[46]
WARNING: [Synth 8-3331] design xbip_multadd_v3_0_14_viv has unconnected port PCIN[45]
WARNING: [Synth 8-3331] design xbip_multadd_v3_0_14_viv has unconnected port PCIN[44]
WARNING: [Synth 8-3331] design xbip_multadd_v3_0_14_viv has unconnected port PCIN[43]
WARNING: [Synth 8-3331] design xbip_multadd_v3_0_14_viv has unconnected port PCIN[42]
WARNING: [Synth 8-3331] design xbip_multadd_v3_0_14_viv has unconnected port PCIN[41]
WARNING: [Synth 8-3331] design xbip_multadd_v3_0_14_viv has unconnected port PCIN[40]
WARNING: [Synth 8-3331] design xbip_multadd_v3_0_14_viv has unconnected port PCIN[39]
WARNING: [Synth 8-3331] design xbip_multadd_v3_0_14_viv has unconnected port PCIN[38]
WARNING: [Synth 8-3331] design xbip_multadd_v3_0_14_viv has unconnected port PCIN[37]
WARNING: [Synth 8-3331] design xbip_multadd_v3_0_14_viv has unconnected port PCIN[36]
WARNING: [Synth 8-3331] design xbip_multadd_v3_0_14_viv has unconnected port PCIN[35]
WARNING: [Synth 8-3331] design xbip_multadd_v3_0_14_viv has unconnected port PCIN[34]
WARNING: [Synth 8-3331] design xbip_multadd_v3_0_14_viv has unconnected port PCIN[33]
WARNING: [Synth 8-3331] design xbip_multadd_v3_0_14_viv has unconnected port PCIN[32]
WARNING: [Synth 8-3331] design xbip_multadd_v3_0_14_viv has unconnected port PCIN[31]
INFO: [Common 17-14] Message 'Synth 8-3331' appears 100 times and further instances of the messages will be disabled. Use the Tcl command set_msg_config to change the current settings.
---------------------------------------------------------------------------------
Finished Cross Boundary and Area Optimization : Time (s): cpu = 00:00:18 ; elapsed = 00:00:22 . Memory (MB): peak = 971.305 ; gain = 317.305
---------------------------------------------------------------------------------

Report RTL Partitions: 
+-+--------------+------------+----------+
| |RTL Partition |Replication |Instances |
+-+--------------+------------+----------+
+-+--------------+------------+----------+
---------------------------------------------------------------------------------
Start Applying XDC Timing Constraints
---------------------------------------------------------------------------------
---------------------------------------------------------------------------------
Finished Applying XDC Timing Constraints : Time (s): cpu = 00:00:30 ; elapsed = 00:00:35 . Memory (MB): peak = 1035.082 ; gain = 381.082
---------------------------------------------------------------------------------
---------------------------------------------------------------------------------
Start Timing Optimization
---------------------------------------------------------------------------------
---------------------------------------------------------------------------------
Finished Timing Optimization : Time (s): cpu = 00:00:30 ; elapsed = 00:00:35 . Memory (MB): peak = 1035.453 ; gain = 381.453
---------------------------------------------------------------------------------

Report RTL Partitions: 
+-+--------------+------------+----------+
| |RTL Partition |Replication |Instances |
+-+--------------+------------+----------+
+-+--------------+------------+----------+
---------------------------------------------------------------------------------
Start Technology Mapping
---------------------------------------------------------------------------------
---------------------------------------------------------------------------------
Finished Technology Mapping : Time (s): cpu = 00:00:30 ; elapsed = 00:00:35 . Memory (MB): peak = 1045.270 ; gain = 391.270
---------------------------------------------------------------------------------

Report RTL Partitions: 
+-+--------------+------------+----------+
| |RTL Partition |Replication |Instances |
+-+--------------+------------+----------+
+-+--------------+------------+----------+
---------------------------------------------------------------------------------
Start IO Insertion
---------------------------------------------------------------------------------
---------------------------------------------------------------------------------
Start Flattening Before IO Insertion
---------------------------------------------------------------------------------
---------------------------------------------------------------------------------
Finished Flattening Before IO Insertion
---------------------------------------------------------------------------------
---------------------------------------------------------------------------------
Start Final Netlist Cleanup
---------------------------------------------------------------------------------
---------------------------------------------------------------------------------
Finished Final Netlist Cleanup
---------------------------------------------------------------------------------
---------------------------------------------------------------------------------
Finished IO Insertion : Time (s): cpu = 00:00:32 ; elapsed = 00:00:37 . Memory (MB): peak = 1061.074 ; gain = 407.074
---------------------------------------------------------------------------------

Report Check Netlist: 
+------+------------------+-------+---------+-------+------------------+
|      |Item              |Errors |Warnings |Status |Description       |
+------+------------------+-------+---------+-------+------------------+
|1     |multi_driven_nets |      0|        0|Passed |Multi driven nets |
+------+------------------+-------+---------+-------+------------------+
---------------------------------------------------------------------------------
Start Renaming Generated Instances
---------------------------------------------------------------------------------
---------------------------------------------------------------------------------
Finished Renaming Generated Instances : Time (s): cpu = 00:00:32 ; elapsed = 00:00:37 . Memory (MB): peak = 1061.074 ; gain = 407.074
---------------------------------------------------------------------------------

Report RTL Partitions: 
+-+--------------+------------+----------+
| |RTL Partition |Replication |Instances |
+-+--------------+------------+----------+
+-+--------------+------------+----------+
---------------------------------------------------------------------------------
Start Rebuilding User Hierarchy
---------------------------------------------------------------------------------
---------------------------------------------------------------------------------
Finished Rebuilding User Hierarchy : Time (s): cpu = 00:00:32 ; elapsed = 00:00:37 . Memory (MB): peak = 1061.074 ; gain = 407.074
---------------------------------------------------------------------------------
---------------------------------------------------------------------------------
Start Renaming Generated Ports
---------------------------------------------------------------------------------
---------------------------------------------------------------------------------
Finished Renaming Generated Ports : Time (s): cpu = 00:00:32 ; elapsed = 00:00:37 . Memory (MB): peak = 1061.074 ; gain = 407.074
---------------------------------------------------------------------------------
---------------------------------------------------------------------------------
Start Handling Custom Attributes
---------------------------------------------------------------------------------
---------------------------------------------------------------------------------
Finished Handling Custom Attributes : Time (s): cpu = 00:00:32 ; elapsed = 00:00:37 . Memory (MB): peak = 1061.074 ; gain = 407.074
---------------------------------------------------------------------------------
---------------------------------------------------------------------------------
Start Renaming Generated Nets
---------------------------------------------------------------------------------
---------------------------------------------------------------------------------
Finished Renaming Generated Nets : Time (s): cpu = 00:00:32 ; elapsed = 00:00:37 . Memory (MB): peak = 1061.074 ; gain = 407.074
---------------------------------------------------------------------------------
---------------------------------------------------------------------------------
Start Writing Synthesis Report
---------------------------------------------------------------------------------

Report BlackBoxes: 
+-+--------------+----------+
| |BlackBox name |Instances |
+-+--------------+----------+
+-+--------------+----------+

Report Cell Usage: 
+------+----------+------+
|      |Cell      |Count |
+------+----------+------+
|1     |DSP48E1   |     1|
|2     |DSP48E1_1 |     1|
|3     |DSP48E1_2 |     1|
|4     |FDRE      |    86|
+------+----------+------+
---------------------------------------------------------------------------------
Finished Writing Synthesis Report : Time (s): cpu = 00:00:32 ; elapsed = 00:00:37 . Memory (MB): peak = 1061.074 ; gain = 407.074
---------------------------------------------------------------------------------
Synthesis finished with 0 errors, 0 critical warnings and 48 warnings.
Synthesis Optimization Runtime : Time (s): cpu = 00:00:18 ; elapsed = 00:00:34 . Memory (MB): peak = 1061.074 ; gain = 400.316
Synthesis Optimization Complete : Time (s): cpu = 00:00:32 ; elapsed = 00:00:38 . Memory (MB): peak = 1061.074 ; gain = 407.074
INFO: [Project 1-571] Translating synthesized netlist
INFO: [Netlist 29-17] Analyzing 3 Unisim elements for replacement
INFO: [Netlist 29-28] Unisim Transformation completed in 0 CPU seconds
INFO: [Project 1-570] Preparing netlist for logic optimization
INFO: [Opt 31-138] Pushed 0 inverter(s) to 0 load pin(s).
Netlist sorting complete. Time (s): cpu = 00:00:00 ; elapsed = 00:00:00.001 . Memory (MB): peak = 1061.074 ; gain = 0.000
INFO: [Project 1-111] Unisim Transformation Summary:
No Unisim elements were transformed.

INFO: [Common 17-83] Releasing license: Synthesis
17 Infos, 100 Warnings, 0 Critical Warnings and 0 Errors encountered.
synth_design completed successfully
synth_design: Time (s): cpu = 00:00:37 ; elapsed = 00:00:46 . Memory (MB): peak = 1061.074 ; gain = 676.305
Netlist sorting complete. Time (s): cpu = 00:00:00 ; elapsed = 00:00:00 . Memory (MB): peak = 1061.074 ; gain = 0.000
WARNING: [Constraints 18-5210] No constraints selected for write.
Resolution: This message can indicate that there are no constraints for the design, or it can indicate that the used_in flags are set such that the constraints are ignored. This later case is used when running synth_design to not write synthesis constraints to the resulting checkpoint. Instead, project constraints are read when the synthesized design is opened.
INFO: [Common 17-1381] The checkpoint 'D:/Projects/Vivado/Assignment_2/Assignment_2.runs/xbip_multadd_0_synth_1/xbip_multadd_0.dcp' has been generated.
WARNING: [Common 17-576] 'use_project_ipc' is deprecated. This option is deprecated and no longer used.
INFO: [Coretcl 2-1648] Added synthesis output to IP cache for IP xbip_multadd_0, cache-ID = 609aeb417468146d
INFO: [Coretcl 2-1174] Renamed 9 cell refs.
Netlist sorting complete. Time (s): cpu = 00:00:00 ; elapsed = 00:00:00 . Memory (MB): peak = 1061.074 ; gain = 0.000
WARNING: [Constraints 18-5210] No constraints selected for write.
Resolution: This message can indicate that there are no constraints for the design, or it can indicate that the used_in flags are set such that the constraints are ignored. This later case is used when running synth_design to not write synthesis constraints to the resulting checkpoint. Instead, project constraints are read when the synthesized design is opened.
INFO: [Common 17-1381] The checkpoint 'D:/Projects/Vivado/Assignment_2/Assignment_2.runs/xbip_multadd_0_synth_1/xbip_multadd_0.dcp' has been generated.
INFO: [runtcl-4] Executing : report_utilization -file xbip_multadd_0_utilization_synth.rpt -pb xbip_multadd_0_utilization_synth.pb
INFO: [Common 17-206] Exiting Vivado at Tue Dec 17 16:13:18 2024...
